<?xml version="1.0" encoding="UTF-8"?>
<!-- Generated by org.testng.reporters.JUnitXMLReporter -->
<testsuite ignored="0" hostname="Pallavi-Sadhus-MacBook-Air.local" failures="0" tests="3" name="Default test" time="0.082" errors="0" timestamp="2022-12-19T21:26:57 CST">
  <testcase classname="sprint1_java.MathChallenge" name="testCase1" time="0.013"/>
  <testcase classname="sprint1_java.MathChallenge" name="testCase2" time="0.005"/>
  <testcase classname="sprint1_java.MathChallenge" name="testCase3" time="0.002"/>
</testsuite> <!-- Default test -->
