<?xml version="1.0" encoding="UTF-8"?>
<!-- Generated by org.testng.reporters.JUnitXMLReporter -->
<testsuite ignored="0" hostname="Pallavi-Sadhus-MacBook-Air.local" failures="0" tests="3" name="Default test" time="0.125" errors="0" timestamp="2022-12-18T17:29:57 CST">
  <testcase classname="sprint1_java.SumOfEvenAndOddNumbers" name="testCase1" time="0.021"/>
  <testcase classname="sprint1_java.SumOfEvenAndOddNumbers" name="testCase2" time="0.004"/>
  <testcase classname="sprint1_java.SumOfEvenAndOddNumbers" name="testCase3" time="0.002"/>
</testsuite> <!-- Default test -->
