<?xml version="1.0" encoding="UTF-8"?>
<testng-results ignored="0" total="2" passed="2" failed="0" skipped="0">
  <reporter-output>
  </reporter-output>
  <suite started-at="2022-12-20T12:43:53 CST" name="Default suite" finished-at="2022-12-20T12:43:53 CST" duration-ms="78">
    <groups>
    </groups>
    <test started-at="2022-12-20T12:43:53 CST" name="Default test" finished-at="2022-12-20T12:43:53 CST" duration-ms="78">
      <class name="sprint1_java.PhonebillCalculator">
        <test-method signature="testCase1()[pri:0, instance:sprint1_java.PhonebillCalculator@6bedbc4d]" started-at="2022-12-20T12:43:53 CST" name="testCase1" finished-at="2022-12-20T12:43:53 CST" duration-ms="15" status="PASS">
          <reporter-output>
          </reporter-output>
        </test-method> <!-- testCase1 -->
        <test-method signature="testCase2()[pri:0, instance:sprint1_java.PhonebillCalculator@6bedbc4d]" started-at="2022-12-20T12:43:53 CST" name="testCase2" finished-at="2022-12-20T12:43:53 CST" duration-ms="4" status="PASS">
          <reporter-output>
          </reporter-output>
        </test-method> <!-- testCase2 -->
      </class> <!-- sprint1_java.PhonebillCalculator -->
    </test> <!-- Default test -->
  </suite> <!-- Default suite -->
</testng-results>
