<?xml version="1.0" encoding="UTF-8"?>
<testng-results ignored="0" total="4" passed="4" failed="0" skipped="0">
  <reporter-output>
  </reporter-output>
  <suite started-at="2022-12-18T16:49:47 CST" name="Default suite" finished-at="2022-12-18T16:49:48 CST" duration-ms="80">
    <groups>
    </groups>
    <test started-at="2022-12-18T16:49:47 CST" name="Default test" finished-at="2022-12-18T16:49:48 CST" duration-ms="80">
      <class name="sprint1_java.StringAnagram">
        <test-method signature="testCase1()[pri:0, instance:sprint1_java.StringAnagram@29d89d5d]" started-at="2022-12-18T16:49:47 CST" name="testCase1" finished-at="2022-12-18T16:49:48 CST" duration-ms="14" status="PASS">
          <reporter-output>
          </reporter-output>
        </test-method> <!-- testCase1 -->
        <test-method signature="testCase2()[pri:0, instance:sprint1_java.StringAnagram@29d89d5d]" started-at="2022-12-18T16:49:48 CST" name="testCase2" finished-at="2022-12-18T16:49:48 CST" duration-ms="2" status="PASS">
          <reporter-output>
          </reporter-output>
        </test-method> <!-- testCase2 -->
        <test-method signature="testCase3()[pri:0, instance:sprint1_java.StringAnagram@29d89d5d]" started-at="2022-12-18T16:49:48 CST" name="testCase3" finished-at="2022-12-18T16:49:48 CST" duration-ms="3" status="PASS">
          <reporter-output>
          </reporter-output>
        </test-method> <!-- testCase3 -->
        <test-method signature="testCase4()[pri:0, instance:sprint1_java.StringAnagram@29d89d5d]" started-at="2022-12-18T16:49:48 CST" name="testCase4" finished-at="2022-12-18T16:49:48 CST" duration-ms="3" status="PASS">
          <reporter-output>
          </reporter-output>
        </test-method> <!-- testCase4 -->
      </class> <!-- sprint1_java.StringAnagram -->
    </test> <!-- Default test -->
  </suite> <!-- Default suite -->
</testng-results>
